[2026-02-10 06:38:52] Initializing radio checker...
[2026-02-10 06:38:52] - Monitoring 15 stations from relisten.nl
[2026-02-10 06:38:52] - Monitoring 0 unique stations from myonlineradio.nl (excluding duplicates)
[2026-02-10 06:38:52] - Monitoring 0 unique stations from playlist24.nl (excluding duplicates)
[2026-02-10 06:38:52] - Target artists: Phil Collins, Genesis, Bad Bunny
[2026-02-10 06:38:52] - Target songs: Africa
[2026-02-10 06:38:52] ============================================================
[2026-02-10 06:38:52] [06:38] [100% NL] Kris Kross Amsterdam Ft. Antoon & Sigourney K - Vluchtstrook
[2026-02-10 06:38:52] [06:38] [538] Sienna Spiro - Die On This Hill
[2026-02-10 06:38:52] [06:38] [Arrow Classic Rock] Extreme - Decadence Dance
[2026-02-10 06:38:52] [06:38] [NPO 3FM] Calvin Harris - My way
[2026-02-10 06:38:52] [06:38] [NPO Radio 1] Bill Withers - Lovely Day
[2026-02-10 06:38:52] [06:38] [NPO Radio 2] Sting - Fields Of Gold
[2026-02-10 06:38:52] [06:38] [Radio 10] Soulsister - The Way To Your Heart
[2026-02-10 06:38:52] [06:38] [Radio Veronica] Mando Diao - Dance With Somebody
[2026-02-10 06:38:52] [06:38] [RadioNL] Yves Berendse - Droom Jij Over Mij Vannacht
[2026-02-10 06:38:52] [06:38] [SLAM!] Haddaway - What Is Love
[2026-02-10 06:38:52] [06:38] [Sky Radio] Taylor Swift - The Fate Of Ophelia
[2026-02-10 06:38:52] Waiting 60 seconds to update the list again...
[2026-02-10 06:39:53] [06:39] [538] Teddy Swims X Tones And I - Gone Gone Gone
[2026-02-10 06:39:53] [06:39] [NPO 3FM] Kensington - Stay
[2026-02-10 06:39:53] [06:39] [RadioNL] Rene Froger - Leef Vandaag
[2026-02-10 06:39:53] Waiting 60 seconds to update the list again...
[2026-02-10 06:40:53] [06:40] [100% NL] Marshmello & Jelly Roll - Holy Water
[2026-02-10 06:40:53] [06:40] [Arrow Classic Rock] Herman Brood & His Wild Romance - Saturday night
[2026-02-10 06:40:53] [06:40] [Radio 10] Clean Bandit Ft. Jess Glynne - Rather Be
[2026-02-10 06:40:53] [06:40] [Radio Veronica] Pointer Sisters - Jump
[2026-02-10 06:40:53] Waiting 60 seconds to update the list again...
[2026-02-10 06:41:54] [06:41] [Sky Radio] John Legend - All of Me
[2026-02-10 06:41:54] Waiting 60 seconds to update the list again...
[2026-02-10 06:42:54] [06:42] [NPO Radio 2] Damiano David, Tyla, Nile Rodgers - Talk to Me
[2026-02-10 06:42:54] Waiting 60 seconds to update the list again...
[2026-02-10 06:43:54] [06:43] [Arrow Classic Rock] Sheryl Crow - If It Makes You Happy
[2026-02-10 06:43:54] [06:43] [RadioNL] Boatnicks - He Jantien
[2026-02-10 06:43:54] [06:43] [SLAM!] Alan Walker & Alessia Labate - Not Home
[2026-02-10 06:43:54] Waiting 60 seconds to update the list again...
[2026-02-10 06:44:55] Error fetching from relisten.nl: 508 Server Error: Loop Detected for url: https://www.relisten.nl/
[2026-02-10 06:45:00] [06:45] [100% NL] Guus Meeuwis - We Leven Nu
[2026-02-10 06:45:00] [06:45] [538] LIFEHOUSE - HALFWAY GONE
[2026-02-10 06:45:00] [06:45] [Arrow Classic Rock] HERMAN BROOD & HIS WILD ROMANCE - SATURDAY NIGHT
[2026-02-10 06:45:00] [06:45] [JOE] MICHAEL JACKSON - Wanna Be Startin' Somethin'
[2026-02-10 06:45:00] [06:45] [KINK] The White Stripes - My Doorbell
[2026-02-10 06:45:00] [06:45] [NPO 3FM] Sabrina Carpenter - Taste
[2026-02-10 06:45:00] [06:45] [NPO Radio 2] Sting - Fields Of Gold
[2026-02-10 06:45:00] [06:45] [NPO Radio 5] Gibson Brothers - CUBA
[2026-02-10 06:45:00] [06:45] [Q Music] ALICE DEEJAY - Better Off Alone
[2026-02-10 06:45:00] [06:45] [Radio Veronica] Guess Who - When The Band Was Singin' Shakin' All Over
[2026-02-10 06:45:00] [06:45] [SLAM!] Ed Sheeran - Shape Of You
[2026-02-10 06:45:00] Waiting 60 seconds to update the list again...
[2026-02-10 06:46:00] Error fetching from relisten.nl: 508 Server Error: Loop Detected for url: https://www.relisten.nl/
[2026-02-10 06:46:06] [06:46] [Arrow Classic Rock] SHERYL CROW - IF IT MAKES YOU HAPPY
[2026-02-10 06:46:06] [06:46] [NPO Radio 2] Kaiser Chiefs - Ruby
[2026-02-10 06:46:06] [06:46] [Sky Radio] Shaboozey & Myles Smith - Blink Twice
[2026-02-10 06:46:06] Waiting 60 seconds to update the list again...
[2026-02-10 06:47:06] Error fetching from relisten.nl: 508 Server Error: Loop Detected for url: https://www.relisten.nl/
[2026-02-10 06:47:12] [06:47] [538] CALVIN HARRIS & CLEMENTINE DOUGLAS - BLESSINGS
[2026-02-10 06:47:12] [06:47] [NPO 3FM] Milky Chance - Stolen dance
[2026-02-10 06:47:12] Waiting 60 seconds to update the list again...
[2026-02-10 06:48:12] Error fetching from relisten.nl: 508 Server Error: Loop Detected for url: https://www.relisten.nl/
[2026-02-10 06:48:17] [06:48] [Q Music] OLIVIA DEAN - So Easy (To Fall In Love)
[2026-02-10 06:48:17] Waiting 60 seconds to update the list again...
[2026-02-10 06:49:17] [06:49] [Arrow Classic Rock] Steve Harley Ft. Cockney Rebel - Make Me Smile
[2026-02-10 06:49:17] [06:49] [Radio 10] Queen - Don't Stop Me Now
[2026-02-10 06:49:17] [06:49] [Radio Veronica] Pointer Sisters - Jump
[2026-02-10 06:49:17] [06:49] [SLAM!] David Guetta & Sia - Beautiful People
[2026-02-10 06:49:17] [06:49] [Sky Radio] Pointer Sisters - I'm So Excited
[2026-02-10 06:49:17] Waiting 60 seconds to update the list again...
[2026-02-10 06:50:18] [06:50] [100% NL] ROSÉ & Bruno Mars - APT.
[2026-02-10 06:50:18] [06:50] [NPO Radio 1] Horan, Niall - Meltdown
[2026-02-10 06:50:18] [06:50] [Radio Veronica] Guess Who - When The Band Was Singin' Shakin' All Over
[2026-02-10 06:50:18] [06:50] [RadioNL] Jannes - Gas Erop
[2026-02-10 06:50:18] Waiting 60 seconds to update the list again...
[2026-02-10 06:51:18] [06:51] [NPO 3FM] Tomas Grey - Rumors
[2026-02-10 06:51:18] Waiting 60 seconds to update the list again...
[2026-02-10 06:52:19] [06:52] [538] Lucenzo Ft. Don Omar - Danza Kuduro
[2026-02-10 06:52:19] [06:52] [Arrow Classic Rock] Faith No More - Midlife Crisis
[2026-02-10 06:52:19] [06:52] [Radio 10] Modern Talking - You're My Heart You're My Soul
[2026-02-10 06:52:19] [06:52] [Radio Veronica] Sabrina Carpenter - Espresso
[2026-02-10 06:52:19] [06:52] [RadioNL] Arie Ribbens - Polonaise Hollandaise
[2026-02-10 06:52:19] [06:52] [SLAM!] Franky Rizardo & Carston - More To Life
[2026-02-10 06:52:19] Waiting 60 seconds to update the list again...
[2026-02-10 06:53:19] No song changes detected
[2026-02-10 06:53:19] Waiting 60 seconds to update the list again...
[2026-02-10 06:54:19] [06:54] [NPO Radio 2] Bløf - Harder Dan Ik Hebben Kan
[2026-02-10 06:54:19] Waiting 60 seconds to update the list again...
[2026-02-10 06:55:20] No song changes detected
[2026-02-10 06:55:20] Waiting 60 seconds to update the list again...
[2026-02-10 06:56:20] [06:56] [Arrow Classic Rock] Styx - Babe
[2026-02-10 06:56:20] Waiting 60 seconds to update the list again...
[2026-02-10 06:57:21] [06:57] [RadioNL] Ammar - Langer Dood Dan Dat Je Leeft
[2026-02-10 06:57:21] Waiting 60 seconds to update the list again...
[2026-02-10 06:58:21] No song changes detected
[2026-02-10 06:58:21] Waiting 60 seconds to update the list again...
[2026-02-10 06:59:21] No song changes detected
[2026-02-10 06:59:21] Waiting 60 seconds to update the list again...
[2026-02-10 07:00:22] No song changes detected
[2026-02-10 07:00:22] Waiting 60 seconds to update the list again...
[2026-02-10 07:01:22] No song changes detected
[2026-02-10 07:01:22] Waiting 60 seconds to update the list again...
[2026-02-10 07:02:23] [07:02] [Arrow Classic Rock] Bryan Ferry - Let's Stick Together
[2026-02-10 07:02:23] [07:02] [Sky Radio] Emeli Sande - Read All About It (part Iii)
[2026-02-10 07:02:23] Waiting 60 seconds to update the list again...
[2026-02-10 07:03:23] [07:03] [100% NL] Flemming - Automatisch
[2026-02-10 07:03:23] Waiting 60 seconds to update the list again...
[2026-02-10 07:04:24] [07:04] [538] Myles Smith - Stay (If You Wanna Dance)
[2026-02-10 07:04:24] Waiting 60 seconds to update the list again...
[2026-02-10 07:05:24] [07:05] [Arrow Classic Rock] Fleetwood Mac - Everywhere
[2026-02-10 07:05:24] [07:05] [Radio 10] Natalie Imbruglia - Torn
[2026-02-10 07:05:24] [07:05] [Radio Veronica] Roxette - Joyride
[2026-02-10 07:05:24] [07:05] [SLAM!] Bruno Mars - I Just Might
[2026-02-10 07:05:24] Waiting 60 seconds to update the list again...
[2026-02-10 07:06:24] [07:06] [100% NL] Backstreet Boys - I Want It That Way
[2026-02-10 07:06:24] [07:06] [Sky Radio] Feargal Sharkey - A Good Heart
[2026-02-10 07:06:24] Waiting 60 seconds to update the list again...
[2026-02-10 07:07:26] [07:07] [NPO 3FM] Lost Frequencies - Head Down
[2026-02-10 07:07:26] Waiting 60 seconds to update the list again...
[2026-02-10 07:08:26] No song changes detected
[2026-02-10 07:08:26] Waiting 60 seconds to update the list again...
[2026-02-10 07:09:27] [07:09] [Arrow Classic Rock] Guano Apes - Open Your Eyes
[2026-02-10 07:09:27] [07:09] [RadioNL] Ancora - Dronken (van De Liefde)
[2026-02-10 07:09:27] [07:09] [SLAM!] Calvin Harris Ft. Rihanna - This Is What You Came For
[2026-02-10 07:09:27] Waiting 60 seconds to update the list again...
[2026-02-10 07:10:27] No song changes detected
[2026-02-10 07:10:27] Waiting 60 seconds to update the list again...
[2026-02-10 07:11:29] [07:11] [NPO Radio 2] Chumbawamba - Tubthumping
[2026-02-10 07:11:29] [07:11] [Sky Radio] David Guetta Ft. Teddy Swims & Tones And I - Gone Gone Gone
[2026-02-10 07:11:29] Waiting 60 seconds to update the list again...
[2026-02-10 07:12:30] [07:12] [Radio 10] A-ha - The Sun Always Shines On Tv
[2026-02-10 07:12:30] Waiting 60 seconds to update the list again...
[2026-02-10 07:13:30] [07:13] [100% NL] Luna - Pauze
[2026-02-10 07:13:30] [07:13] [538] Jenny Bee - Wanna Get Your Love
[2026-02-10 07:13:30] Waiting 60 seconds to update the list again...
[2026-02-10 07:14:31] [07:14] [NPO 3FM] Raye - Where Is My Husband!
[2026-02-10 07:14:31] [07:14] [RadioNL] Afro Bros & John West & Billy Dans - Dans Met Jou
[2026-02-10 07:14:31] Waiting 60 seconds to update the list again...
[2026-02-10 07:15:31] [07:15] [Arrow Classic Rock] Julie Driscoll & The Brian Auger Trinity - This Weel's On Fire
[2026-02-10 07:15:31] [07:15] [Sky Radio] Fun Ft. Janelle Monae - We Are Young
[2026-02-10 07:15:31] Waiting 60 seconds to update the list again...
[2026-02-10 07:15:59] 

Shutting down...
[2026-02-10 07:16:01] Initializing radio checker...
[2026-02-10 07:16:01] - Monitoring 15 stations from relisten.nl
[2026-02-10 07:16:01] - Monitoring 0 unique stations from myonlineradio.nl (excluding duplicates)
[2026-02-10 07:16:01] - Monitoring 0 unique stations from playlist24.nl (excluding duplicates)
[2026-02-10 07:16:01] - Target artists: Phil Collins, Genesis, Bad Bunny
[2026-02-10 07:16:01] - Target songs: Africa
[2026-02-10 07:16:01] ============================================================
[2026-02-10 07:16:01] [07:16] [100% NL] Luna - Pauze
[2026-02-10 07:16:01] [07:16] [538] Jenny Bee - Wanna Get Your Love
[2026-02-10 07:16:01] [07:16] [Arrow Classic Rock] Julie Driscoll & The Brian Auger Trinity - This Weel's On Fire
[2026-02-10 07:16:01] [07:16] [NPO 3FM] Raye - Where Is My Husband!
[2026-02-10 07:16:01] [07:16] [NPO Radio 1] Horan, Niall - Meltdown
[2026-02-10 07:16:01] [07:16] [NPO Radio 2] Chumbawamba - Tubthumping
[2026-02-10 07:16:01] [07:16] [Radio 10] A-ha - The Sun Always Shines On Tv
[2026-02-10 07:16:01] [07:16] [Radio Veronica] Roxette - Joyride
[2026-02-10 07:16:01] [07:16] [RadioNL] Afro Bros & John West & Billy Dans - Dans Met Jou
[2026-02-10 07:16:01] [07:16] [SLAM!] Calvin Harris Ft. Rihanna - This Is What You Came For
[2026-02-10 07:16:01] [07:16] [Sky Radio] Fun Ft. Janelle Monae - We Are Young
[2026-02-10 07:16:01] Waiting 60 seconds to update the list again...
[2026-02-10 07:17:02] [07:17] [100% NL] Enrique Iglesias Ft. Sean Paul & Descemer Bueno & Gente De Zona - Bailando
[2026-02-10 07:17:02] [07:17] [Radio Veronica] Van Halen - Why Can't This Be Love
[2026-02-10 07:17:03] Waiting 60 seconds to update the list again...
[2026-02-10 07:18:03] [07:18] [538] Douwe Bob - With You
[2026-02-10 07:18:03] [07:18] [NPO 3FM] Counting Crows - Accidentally In Love
[2026-02-10 07:18:03] [07:18] [Radio 10] Jessie J Ft. B.o.B. - Price Tag
[2026-02-10 07:18:03] Waiting 60 seconds to update the list again...
[2026-02-10 07:19:04] [07:19] [Arrow Classic Rock] Aerosmith - Amazing
[2026-02-10 07:19:04] Waiting 60 seconds to update the list again...
[2026-02-10 07:20:04] [07:20] [NPO Radio 2] The Killers - Human
[2026-02-10 07:20:04] [07:20] [Radio Veronica] The Chainsmokers Ft. Coldplay - Something Just Like This
[2026-02-10 07:20:04] [07:20] [SLAM!] Topic, Fireboy Dml & Nico Santos - Body
[2026-02-10 07:20:04] [07:20] [Sky Radio] Robbie Williams - Feel
[2026-02-10 07:20:04] Waiting 60 seconds to update the list again...
[2026-02-10 07:21:04] [07:21] [RadioNL] Ravi Munoz - Josefien
[2026-02-10 07:21:04] Waiting 60 seconds to update the list again...
[2026-02-10 07:22:04] [07:22] [100% NL] Davina Michelle - Beat Me
[2026-02-10 07:22:04] [07:22] [NPO 3FM] Dave Ft. Tems - Raindance
[2026-02-10 07:22:04] [07:22] [SLAM!] Black Eyed Peas - Where Is The Love
[2026-02-10 07:22:04] Waiting 60 seconds to update the list again...
[2026-02-10 07:23:04] [07:23] [NPO Radio 1] Boxer Rebellion - Diamonds
[2026-02-10 07:23:04] [07:23] [Radio 10] The Beatles - Help!
[2026-02-10 07:23:04] [07:23] [Sky Radio] Olivia Dean - So Easy (to Fall In Love)
[2026-02-10 07:23:04] Waiting 60 seconds to update the list again...
[2026-02-10 07:24:04] [07:24] [100% NL] Metejoor & Hannah Mae - Wat wil je van mij
[2026-02-10 07:24:04] [07:24] [Arrow Classic Rock] R.E.M. - What's The Frequency Kenneth?
[2026-02-10 07:24:04] Waiting 60 seconds to update the list again...
[2026-02-10 07:25:07] [07:25] [NPO 3FM] Clean Bandit Ft. Jess Glynne - Rather Be
[2026-02-10 07:25:07] [07:25] [SLAM!] Sonny Fodera, D.O.D & Poppy Baskcomb - Think About Us
[2026-02-10 07:25:07] Waiting 60 seconds to update the list again...
[2026-02-10 07:26:07] [07:26] [Radio Veronica] The Babys - Isn't It Time
[2026-02-10 07:26:07] Waiting 60 seconds to update the list again...
